<?xml version="1.0" encoding="UTF-8" standalone="yes" ?>
<test-results name="D:\Projetos\Calculadora\TestX\Win32\Debug\CalculadoraTestsX.exe" total="9" errors="0" failures="0" ignored="0" inconclusive="0" not-run="0" skipped="0" invalid="0" date="2023-08-03" time="0.215">
  <culture-info current-culture="en" current-uiculture="en" />
  <test-suite type="Assembly" name="CalculadoraTestsX.exe" executed="true" result="Success" success="True" time="0.215" asserts="0">
    <results>
        <test-suite type="Namespace" name="TestunClasseImpostos" executed="true" result="Success" success="True" time="0.215" asserts="0" >
          <results>
              <test-suite type="Fixture" name="TestXunClasseImpostos" executed="True" result="Success" success="True" time="0.215" >
                <results>
                  <test-case name="TestCalculaImpostoA.TestCalculaImposto_A_ValorNegativo" executed="True" result="Success" success="True" time="0.000" asserts="0" />
                  <test-case name="TestCalculaImpostoA.TestCalculaImposto_A_ValorInteiro" executed="True" result="Success" success="True" time="0.000" asserts="0" />
                  <test-case name="TestCalculaImpostoA.TestCalculaImposto_A_Fracionario" executed="True" result="Success" success="True" time="0.000" asserts="0" />
                  <test-case name="TestCalculaImpostoB.TestCalculaImposto_B_ValorNegativo" executed="True" result="Success" success="True" time="0.001" asserts="0" />
                  <test-case name="TestCalculaImpostoB.TestCalculaImposto_B_ValorInteiro" executed="True" result="Success" success="True" time="0.000" asserts="0" />
                  <test-case name="TestCalculaImpostoB.TestCalculaImposto_B_Fracionario" executed="True" result="Success" success="True" time="0.000" asserts="0" />
                  <test-case name="TestCalculaImpostoC.TestCalculaImposto_C_ValorNegativo" executed="True" result="Success" success="True" time="0.000" asserts="0" />
                  <test-case name="TestCalculaImpostoC.TestCalculaImposto_C_ValorInteiro" executed="True" result="Success" success="True" time="0.000" asserts="0" />
                  <test-case name="TestCalculaImpostoC.TestCalculaImposto_C_Fracionario" executed="True" result="Success" success="True" time="0.000" asserts="0" />
                </results>
              </test-suite>
          </results>
        </test-suite>
    </results>
  </test-suite>
</test-results>
